{"level":50,"time":"2025-10-07T11:07:28.244Z","req":{"method":"POST","url":"/v1/invoices","idempotency":"81221ea1-28b6-48ad-af86-6550f25c0a0c"},"res":{"statusCode":200},"responseTime":11,"msg":"request completed"}
{"level":50,"time":"2025-10-07T11:07:28.290Z","req":{"method":"POST","url":"/v1/invoices","idempotency":"81221ea1-28b6-48ad-af86-6550f25c0a0c"},"res":{"statusCode":200},"responseTime":1,"msg":"request completed"}
{"level":50,"time":"2025-10-07T11:07:28.334Z","req":{"method":"GET","url":"/v1/invoices/inv_1759835248234_138423"},"res":{"statusCode":200},"responseTime":3,"msg":"request completed"}
{"level":50,"time":"2025-10-07T11:07:28.349Z","req":{"method":"GET","url":"/v1/invoices?limit=5&q=persist"},"res":{"statusCode":200},"responseTime":2,"msg":"request completed"}
{"level":50,"time":"2025-10-07T11:07:28.392Z","req":{"method":"PATCH","url":"/v1/invoices/inv_1759835248234_138423"},"res":{"statusCode":200},"responseTime":6,"msg":"request completed"}
{"level":50,"time":"2025-10-07T11:07:28.420Z","req":{"method":"GET","url":"/v1/invoices/inv_1759835248234_138423/xml"},"res":{"statusCode":200},"responseTime":2,"msg":"request completed"}
{"level":50,"time":"2025-10-07T11:07:28.540Z","req":{"method":"GET","url":"/v1/invoices/inv_1759835248234_138423/pdf"},"res":{"statusCode":200},"responseTime":14,"msg":"request completed"}
{"level":50,"time":"2025-10-07T11:07:28.578Z","req":{"method":"GET","url":"/v1/invoices/inv_1759835248234_138423/pdf?access_token=key_test_12345"},"res":{"statusCode":401},"responseTime":1,"msg":"request completed"}
{"level":50,"time":"2025-10-07T11:07:28.721Z","req":{"method":"POST","url":"/v1/invoices/inv_1759835248234_138423/pay","idempotency":"8c8ec7ed-ecd6-4f4a-b6a2-06c58a90bb9b"},"res":{"statusCode":200},"responseTime":6,"msg":"request completed"}
{"level":50,"time":"2025-10-07T11:07:28.735Z","req":{"method":"POST","url":"/v1/invoices/inv_1759835248234_138423/pay","idempotency":"8c8ec7ed-ecd6-4f4a-b6a2-06c58a90bb9b"},"res":{"statusCode":200},"responseTime":2,"msg":"request completed"}
{"level":50,"time":"2025-10-07T11:07:28.771Z","req":{"method":"GET","url":"/v1/invoices/inv_1759835248234_138423/payments"},"res":{"statusCode":200},"responseTime":2,"msg":"request completed"}
{"level":50,"time":"2025-10-07T11:16:00.191Z","req":{"method":"GET","url":"/"},"res":{"statusCode":304},"responseTime":8,"msg":"request completed"}
{"level":50,"time":"2025-10-07T11:16:00.245Z","req":{"method":"GET","url":"/app.js"},"res":{"statusCode":304},"responseTime":5,"msg":"request completed"}
{"level":50,"time":"2025-10-07T11:16:00.249Z","req":{"method":"GET","url":"/styles.css"},"res":{"statusCode":304},"responseTime":6,"msg":"request completed"}
{"level":50,"time":"2025-10-07T11:16:00.281Z","req":{"method":"GET","url":"/demo-config"},"res":{"statusCode":404},"responseTime":4,"msg":"request completed"}
{"level":50,"time":"2025-10-07T11:16:06.889Z","req":{"method":"POST","url":"/invoices","idempotency":"54b095d1-3e8b-483a-80d7-4cb195a58a91"},"res":{"statusCode":404},"responseTime":1,"msg":"request completed"}
{"level":50,"time":"2025-10-07T11:16:12.256Z","req":{"method":"POST","url":"/invoices","idempotency":"824e395f-8e7e-44c7-912c-f5b091497939"},"res":{"statusCode":404},"responseTime":1,"msg":"request completed"}
{"level":50,"time":"2025-10-07T11:16:14.087Z","req":{"method":"GET","url":"/invoices?limit=50"},"res":{"statusCode":404},"responseTime":1,"msg":"request completed"}
{"level":50,"time":"2025-10-07T11:16:16.209Z","req":{"method":"POST","url":"/invoices","idempotency":"63cc4755-bbf5-47c9-8331-8381ac29fdd6"},"res":{"statusCode":404},"responseTime":1,"msg":"request completed"}
{"level":50,"time":"2025-10-07T11:16:17.583Z","req":{"method":"GET","url":"/invoices?limit=50"},"res":{"statusCode":404},"responseTime":2,"msg":"request completed"}
{"level":50,"time":"2025-10-07T11:16:21.100Z","req":{"method":"POST","url":"/invoices","idempotency":"4a8d90d1-0c95-4302-ba9e-53f4244708a8"},"res":{"statusCode":404},"responseTime":1,"msg":"request completed"}
{"level":50,"time":"2025-10-07T11:17:21.688Z","req":{"method":"POST","url":"/invoices","idempotency":"51275ea3-010a-408e-a2e9-7ef6983b5c46"},"res":{"statusCode":404},"responseTime":2,"msg":"request completed"}
{"level":50,"time":"2025-10-07T11:17:46.725Z","req":{"method":"POST","url":"/invoices","idempotency":"5156d02e-26e3-49b0-a653-3ea9c70e46d2"},"res":{"statusCode":404},"responseTime":2,"msg":"request completed"}
{"level":50,"time":"2025-10-07T11:17:52.317Z","req":{"method":"POST","url":"/invoices","idempotency":"be004c4e-d87d-41d9-a976-badeda4d246f"},"res":{"statusCode":404},"responseTime":1,"msg":"request completed"}
{"level":50,"time":"2025-10-07T11:21:45.475Z","req":{"method":"GET","url":"/"},"res":{"statusCode":304},"responseTime":1,"msg":"request completed"}
{"level":50,"time":"2025-10-07T11:21:45.494Z","req":{"method":"GET","url":"/styles.css"},"res":{"statusCode":304},"responseTime":5,"msg":"request completed"}
{"level":50,"time":"2025-10-07T11:21:45.496Z","req":{"method":"GET","url":"/app.js"},"res":{"statusCode":304},"responseTime":5,"msg":"request completed"}
{"level":50,"time":"2025-10-07T11:21:45.545Z","req":{"method":"GET","url":"/demo-config"},"res":{"statusCode":404},"responseTime":3,"msg":"request completed"}
